<?xml version="1.0" encoding="UTF-8"?>
<testsuite xmlns:xsi="http://www.w3.org/2001/XMLSchema-instance" xsi:noNamespaceSchemaLocation="https://maven.apache.org/surefire/maven-surefire-plugin/xsd/surefire-test-report.xsd" name="SetUpClass.TestRunner" time="329.052" tests="72" errors="0" skipped="5" failures="2">
  <properties>
    <property name="java.runtime.name" value="Java(TM) SE Runtime Environment"/>
    <property name="sun.boot.library.path" value="C:\Program Files\Java\jdk1.8.0_291\jre\bin"/>
    <property name="java.vm.version" value="25.291-b10"/>
    <property name="java.vm.vendor" value="Oracle Corporation"/>
    <property name="maven.multiModuleProjectDirectory" value="C:\Users\SLIDE QA\eclipse-workspace\Sli_Magento_Pop_Test"/>
    <property name="java.vendor.url" value="http://java.oracle.com/"/>
    <property name="path.separator" value=";"/>
    <property name="guice.disable.misplaced.annotation.check" value="true"/>
    <property name="java.vm.name" value="Java HotSpot(TM) 64-Bit Server VM"/>
    <property name="file.encoding.pkg" value="sun.io"/>
    <property name="user.script" value=""/>
    <property name="user.country" value="US"/>
    <property name="sun.java.launcher" value="SUN_STANDARD"/>
    <property name="sun.os.patch.level" value=""/>
    <property name="java.vm.specification.name" value="Java Virtual Machine Specification"/>
    <property name="user.dir" value="C:\Users\SLIDE QA\eclipse-workspace\Sli_Magento_Pop_Test"/>
    <property name="java.runtime.version" value="1.8.0_291-b10"/>
    <property name="java.awt.graphicsenv" value="sun.awt.Win32GraphicsEnvironment"/>
    <property name="java.endorsed.dirs" value="C:\Program Files\Java\jdk1.8.0_291\jre\lib\endorsed"/>
    <property name="os.arch" value="amd64"/>
    <property name="java.io.tmpdir" value="C:\Users\SLIDEQ~1\AppData\Local\Temp\"/>
    <property name="line.separator" value="&#10;"/>
    <property name="java.vm.specification.vendor" value="Oracle Corporation"/>
    <property name="user.variant" value=""/>
    <property name="os.name" value="Windows 10"/>
    <property name="classworlds.conf" value="C:\Users\SLIDE QA\eclipse-workspace\.metadata\.plugins\org.eclipse.m2e.launching\launches\m2conf15477991689287600567.tmp"/>
    <property name="sun.jnu.encoding" value="Cp1252"/>
    <property name="java.library.path" value="C:\Program Files\Java\jdk1.8.0_291\bin;C:\Windows\Sun\Java\bin;C:\Windows\system32;C:\Windows;C:/Users/SLIDE QA/.p2/pool/plugins/org.eclipse.justj.openjdk.hotspot.jre.full.win32.x86_64_17.0.0.v20211012-1059/jre/bin/server;C:/Users/SLIDE QA/.p2/pool/plugins/org.eclipse.justj.openjdk.hotspot.jre.full.win32.x86_64_17.0.0.v20211012-1059/jre/bin;C:\Windows\system32;C:\Windows;C:\Windows\System32\Wbem;C:\Windows\System32\WindowsPowerShell\v1.0\;C:\Windows\System32\OpenSSH\;C:\Program Files\apache-maven-3.8.3\bin;C:\Program Files\Java\jdk1.8.0_291\bin;C:\Program Files\Java\jre1.8.0_291\bin;C:\Program Files\Git\cmd;C:\Users\SLIDE QA\AppData\Local\Microsoft\WindowsApps;;C:\Windows\System32;;."/>
    <property name="java.specification.name" value="Java Platform API Specification"/>
    <property name="java.class.version" value="52.0"/>
    <property name="sun.management.compiler" value="HotSpot 64-Bit Tiered Compilers"/>
    <property name="os.version" value="10.0"/>
    <property name="user.home" value="C:\Users\SLIDE QA"/>
    <property name="user.timezone" value="Asia/Calcutta"/>
    <property name="java.awt.printerjob" value="sun.awt.windows.WPrinterJob"/>
    <property name="java.specification.version" value="1.8"/>
    <property name="file.encoding" value="Cp1252"/>
    <property name="user.name" value="SLIDE QA"/>
    <property name="java.class.path" value="C:\Users\SLIDE QA\.p2\pool\plugins\org.eclipse.m2e.maven.runtime_1.18.0.20210618-2246\jars\plexus-classworlds-2.6.0.jar"/>
    <property name="java.vm.specification.version" value="1.8"/>
    <property name="sun.arch.data.model" value="64"/>
    <property name="java.home" value="C:\Program Files\Java\jdk1.8.0_291\jre"/>
    <property name="sun.java.command" value="org.codehaus.plexus.classworlds.launcher.Launcher -B test"/>
    <property name="java.specification.vendor" value="Oracle Corporation"/>
    <property name="user.language" value="en"/>
    <property name="awt.toolkit" value="sun.awt.windows.WToolkit"/>
    <property name="java.vm.info" value="mixed mode"/>
    <property name="java.version" value="1.8.0_291"/>
    <property name="java.ext.dirs" value="C:\Program Files\Java\jdk1.8.0_291\jre\lib\ext;C:\Windows\Sun\Java\lib\ext"/>
    <property name="sun.boot.class.path" value="C:\Program Files\Java\jdk1.8.0_291\jre\lib\resources.jar;C:\Program Files\Java\jdk1.8.0_291\jre\lib\rt.jar;C:\Program Files\Java\jdk1.8.0_291\jre\lib\sunrsasign.jar;C:\Program Files\Java\jdk1.8.0_291\jre\lib\jsse.jar;C:\Program Files\Java\jdk1.8.0_291\jre\lib\jce.jar;C:\Program Files\Java\jdk1.8.0_291\jre\lib\charsets.jar;C:\Program Files\Java\jdk1.8.0_291\jre\lib\jfr.jar;C:\Program Files\Java\jdk1.8.0_291\jre\classes"/>
    <property name="java.vendor" value="Oracle Corporation"/>
    <property name="maven.home" value="C:\Users\SLIDE QA\eclipse-workspace\Sli_Magento_Pop_Test\EMBEDDED"/>
    <property name="file.separator" value="\"/>
    <property name="java.vendor.url.bug" value="http://bugreport.sun.com/bugreport/"/>
    <property name="sun.cpu.endian" value="little"/>
    <property name="sun.io.unicode.encoding" value="UnicodeLittle"/>
    <property name="sun.desktop" value="windows"/>
    <property name="sun.cpu.isalist" value="amd64"/>
  </properties>
  <testcase name="Given User is on Home Pagei" classname="Scenario: pagination &amp; Mouse Hovers on Free Magento pages test without log in" time="0.003"/>
  <testcase name="Then click on Free PPts under Free Stuff" classname="Scenario: pagination &amp; Mouse Hovers on Free Magento pages test without log in" time="0"/>
  <testcase name="Then mouse hover on any of one free ppt and verify the pop-up" classname="Scenario: pagination &amp; Mouse Hovers on Free Magento pages test without log in" time="0"/>
  <testcase name="Then click on any of page number and verify the listing page for free ppts" classname="Scenario: pagination &amp; Mouse Hovers on Free Magento pages test without log in" time="0"/>
  <testcase name="Then click on any of one ppt under free ppts" classname="Scenario: pagination &amp; Mouse Hovers on Free Magento pages test without log in" time="0"/>
  <testcase name="Then verify the navigation on correct ppt page" classname="Scenario: pagination &amp; Mouse Hovers on Free Magento pages test without log in" time="0"/>
  <testcase name="Then click on Free Business PPTs under Free stuff" classname="Scenario: pagination &amp; Mouse Hovers on Free Magento pages test without log in" time="0"/>
  <testcase name="Then mouse hover on any of one ppt and verify the pop-up" classname="Scenario: pagination &amp; Mouse Hovers on Free Magento pages test without log in" time="0"/>
  <testcase name="Then click on any of page numberi" classname="Scenario: pagination &amp; Mouse Hovers on Free Magento pages test without log in" time="0"/>
  <testcase name="Then click on any of one ppts" classname="Scenario: pagination &amp; Mouse Hovers on Free Magento pages test without log in" time="0"/>
  <testcase name="Then verify the navigation on cottect ppt page" classname="Scenario: pagination &amp; Mouse Hovers on Free Magento pages test without log in" time="0"/>
  <testcase name="Scenario: pagination &amp; Mouse Hovers on Free Magento pages test without log in" classname="Scenario: pagination &amp; Mouse Hovers on Free Magento pages test without log in" time="0.001"/>
  <testcase name="Then Click on signin page" classname="Scenario: pagination &amp; Mouse Hovers on Free Magento pages test with log in" time="0"/>
  <testcase name="Then Enter username &quot;nishadhiman0027@gmail.com&quot; and passwordi &quot;Qwerty@1&quot;" classname="Scenario: pagination &amp; Mouse Hovers on Free Magento pages test with log in" time="0"/>
  <testcase name="Then Click on Free Ppts under Free Stuff" classname="Scenario: pagination &amp; Mouse Hovers on Free Magento pages test with log in" time="0"/>
  <testcase name="Then Mouse Hover on any of one free ppt and verify the pop-up" classname="Scenario: pagination &amp; Mouse Hovers on Free Magento pages test with log in" time="0"/>
  <testcase name="Then Click on any of page number and verify the listing page for free ppts" classname="Scenario: pagination &amp; Mouse Hovers on Free Magento pages test with log in" time="0"/>
  <testcase name="Then Click on any of one ppt under free ppts" classname="Scenario: pagination &amp; Mouse Hovers on Free Magento pages test with log in" time="0"/>
  <testcase name="Then Verify the navigation on correct ppt page" classname="Scenario: pagination &amp; Mouse Hovers on Free Magento pages test with log in" time="0"/>
  <testcase name="Then Click on Free Business PPTs under Free stuff" classname="Scenario: pagination &amp; Mouse Hovers on Free Magento pages test with log in" time="0"/>
  <testcase name="Then Mouse hover on any of one ppt and verify the pop-up" classname="Scenario: pagination &amp; Mouse Hovers on Free Magento pages test with log in" time="0"/>
  <testcase name="Then Click on any of page numberii" classname="Scenario: pagination &amp; Mouse Hovers on Free Magento pages test with log in" time="0"/>
  <testcase name="Then Click on any of one ppts" classname="Scenario: pagination &amp; Mouse Hovers on Free Magento pages test with log in" time="0"/>
  <testcase name="Then Verify the navigation on cottect ppt pageii" classname="Scenario: pagination &amp; Mouse Hovers on Free Magento pages test with log in" time="0"/>
  <testcase name="Scenario: pagination &amp; Mouse Hovers on Free Magento pages test with log in" classname="Scenario: pagination &amp; Mouse Hovers on Free Magento pages test with log in" time="0"/>
  <testcase name="Given User is on Home Pageii" classname="Scenario: pagination &amp; Mouse Hovers on Magento pages test without log in" time="0"/>
  <testcase name="Then click on popular ppts" classname="Scenario: pagination &amp; Mouse Hovers on Magento pages test without log in" time="0"/>
  <testcase name="Then mouse hover on any of one ppt" classname="Scenario: pagination &amp; Mouse Hovers on Magento pages test without log in" time="0"/>
  <testcase name="Then verify the displayed pop-up is visible" classname="Scenario: pagination &amp; Mouse Hovers on Magento pages test without log in" time="0"/>
  <testcase name="Then click on Any of page number and verify the popular ppts" classname="Scenario: pagination &amp; Mouse Hovers on Magento pages test without log in" time="0"/>
  <testcase name="Then click on any of one Ppt" classname="Scenario: pagination &amp; Mouse Hovers on Magento pages test without log in" time="0"/>
  <testcase name="Then verify the user will navigation on cottect ppt page" classname="Scenario: pagination &amp; Mouse Hovers on Magento pages test without log in" time="0"/>
  <testcase name="Scenario: pagination &amp; Mouse Hovers on Magento pages test without log in" classname="Scenario: pagination &amp; Mouse Hovers on Magento pages test without log in" time="0.001"/>
  <testcase name="Then Click on signin pageii" classname="Scenario: pagination &amp; Mouse Hovers on Magento pages test with log in" time="0"/>
  <testcase name="Then Enter username &quot;nishadhiman0027@gmail.com&quot; and passwordii &quot;Qwerty@1&quot;" classname="Scenario: pagination &amp; Mouse Hovers on Magento pages test with log in" time="0"/>
  <testcase name="Then Click on popular ppts" classname="Scenario: pagination &amp; Mouse Hovers on Magento pages test with log in" time="0"/>
  <testcase name="Then Mouse hover on any of one ppt" classname="Scenario: pagination &amp; Mouse Hovers on Magento pages test with log in" time="0"/>
  <testcase name="Then Verify the displayed pop-up is visibleii" classname="Scenario: pagination &amp; Mouse Hovers on Magento pages test with log in" time="0"/>
  <testcase name="Then Click on any of page number" classname="Scenario: pagination &amp; Mouse Hovers on Magento pages test with log in" time="0"/>
  <testcase name="Then Click on any of ppt" classname="Scenario: pagination &amp; Mouse Hovers on Magento pages test with log in" time="0"/>
  <testcase name="Then Verify the navigation on cottect ppt page" classname="Scenario: pagination &amp; Mouse Hovers on Magento pages test with log in" time="0"/>
  <testcase name="Scenario: pagination &amp; Mouse Hovers on Magento pages test with log in" classname="Scenario: pagination &amp; Mouse Hovers on Magento pages test with log in" time="0.001"/>
  <testcase name="Given Now user is on Home Page" classname="Scenario: SLI popup test with escape key" time="0"/>
  <testcase name="Then Enter data in search field" classname="Scenario: SLI popup test with escape key" time="0"/>
  <testcase name="Then press escape key" classname="Scenario: SLI popup test with escape key" time="0"/>
  <testcase name="Then verify the pop-up" classname="Scenario: SLI popup test with escape key" time="0.005">
    <failure type="java.lang.AssertionError">java.lang.AssertionError
</failure>
    <system-out><![CDATA[pop-up is displayed  true
]]></system-out>
  </testcase>
  <testcase name="Scenario: SLI popup test with escape key" classname="Scenario: SLI popup test with escape key" time="0.005">
    <failure type="java.lang.AssertionError">java.lang.AssertionError
</failure>
  </testcase>
  <testcase name="Then Click on Sign in button" classname="Scenario: SLI popup test with escape key" time="0">
    <skipped/>
  </testcase>
  <testcase name="And Enter free valid username and password" classname="Scenario: SLI popup test with escape key" time="0">
    <skipped/>
  </testcase>
  <testcase name="Then enter data in Search fields" classname="Scenario: SLI popup test with escape key" time="0">
    <skipped/>
  </testcase>
  <testcase name="Then Press Escape key" classname="Scenario: SLI popup test with escape key" time="0">
    <skipped/>
  </testcase>
  <testcase name="Then verify the Pop-up" classname="Scenario: SLI popup test with escape key" time="0">
    <skipped/>
  </testcase>
  <testcase name="Given User is on Home Page" classname="Scenario: SLI pagination &amp; Mouse Hover test without log in" time="0"/>
  <testcase name="Then Enter keyword &quot;Progress&quot; in search field" classname="Scenario: SLI pagination &amp; Mouse Hover test without log in" time="0"/>
  <testcase name="Then Go to the listing page" classname="Scenario: SLI pagination &amp; Mouse Hover test without log in" time="0"/>
  <testcase name="Then mouse hover on any of one ppts" classname="Scenario: SLI pagination &amp; Mouse Hover test without log in" time="0"/>
  <testcase name="Then verify the whether the pop-up is visible" classname="Scenario: SLI pagination &amp; Mouse Hover test without log in" time="0.001"/>
  <testcase name="Then click on any of page number and verify the product below" classname="Scenario: SLI pagination &amp; Mouse Hover test without log in" time="0"/>
  <testcase name="Then click on any of ppt" classname="Scenario: SLI pagination &amp; Mouse Hover test without log in" time="0"/>
  <testcase name="Then verify the ppt page" classname="Scenario: SLI pagination &amp; Mouse Hover test without log in" time="0"/>
  <testcase name="Scenario: SLI pagination &amp; Mouse Hover test without log in" classname="Scenario: SLI pagination &amp; Mouse Hover test without log in" time="0.001"/>
  <testcase name="Then Click on signup page" classname="Scenario: SLI pagination &amp; mouse Hover test with login" time="0"/>
  <testcase name="Then Enter username &quot;nishadhiman0027@gmail.com&quot; and password &quot;Qwerty@1&quot;" classname="Scenario: SLI pagination &amp; mouse Hover test with login" time="0"/>
  <testcase name="Then Enter keyword &quot;Management&quot; in search fields" classname="Scenario: SLI pagination &amp; mouse Hover test with login" time="0"/>
  <testcase name="Then Go to the listing pagei" classname="Scenario: SLI pagination &amp; mouse Hover test with login" time="0"/>
  <testcase name="Then mouse hover on any of one pptsi" classname="Scenario: SLI pagination &amp; mouse Hover test with login" time="0"/>
  <testcase name="Then verify the whether the pop-up is visiblei" classname="Scenario: SLI pagination &amp; mouse Hover test with login" time="0"/>
  <testcase name="Then click on Any of page number and verify the listing pagebelowi" classname="Scenario: SLI pagination &amp; mouse Hover test with login" time="0"/>
  <testcase name="Then click on any of ppti" classname="Scenario: SLI pagination &amp; mouse Hover test with login" time="0"/>
  <testcase name="Then verify the navigation on cottect ppt pageii" classname="Scenario: SLI pagination &amp; mouse Hover test with login" time="0"/>
  <testcase name="Then click on Sign out button and verify the pagei" classname="Scenario: SLI pagination &amp; mouse Hover test with login" time="0"/>
  <testcase name="Scenario: SLI pagination &amp; mouse Hover test with login" classname="Scenario: SLI pagination &amp; mouse Hover test with login" time="0"/>
</testsuite>